{"D:\\namaste-react\\src\\Components\\Contact.js": {"path":"D:\\namaste-react\\src\\Components\\Contact.js","statementMap":{"0":{"start":{"line":2,"column":16},"end":{"line":23,"column":1}},"1":{"start":{"line":3,"column":2},"end":{"line":22,"column":4}}},"fnMap":{"0":{"name":"(anonymous_0)","decl":{"start":{"line":2,"column":16},"end":{"line":2,"column":17}},"loc":{"start":{"line":2,"column":22},"end":{"line":23,"column":1}},"line":2}},"branchMap":{},"s":{"0":1,"1":3},"f":{"0":3},"b":{},"_coverageSchema":"1a1c01bbd47fc00a2c39e90264f33305004495a9","hash":"0fe565f55b6261493c549cd52088fb9d6b57a02a"}
,"D:\\namaste-react\\src\\Components\\Header.js": {"path":"D:\\namaste-react\\src\\Components\\Header.js","statementMap":{"0":{"start":{"line":7,"column":15},"end":{"line":55,"column":1}},"1":{"start":{"line":8,"column":28},"end":{"line":8,"column":45}},"2":{"start":{"line":9,"column":42},"end":{"line":9,"column":59}},"3":{"start":{"line":10,"column":27},"end":{"line":10,"column":50}},"4":{"start":{"line":11,"column":20},"end":{"line":11,"column":60}},"5":{"start":{"line":11,"column":43},"end":{"line":11,"column":59}},"6":{"start":{"line":12,"column":23},"end":{"line":12,"column":40}},"7":{"start":{"line":13,"column":2},"end":{"line":54,"column":4}},"8":{"start":{"line":42,"column":16},"end":{"line":44,"column":45}}},"fnMap":{"0":{"name":"(anonymous_0)","decl":{"start":{"line":7,"column":15},"end":{"line":7,"column":16}},"loc":{"start":{"line":7,"column":21},"end":{"line":55,"column":1}},"line":7},"1":{"name":"(anonymous_1)","decl":{"start":{"line":11,"column":32},"end":{"line":11,"column":33}},"loc":{"start":{"line":11,"column":43},"end":{"line":11,"column":59}},"line":11},"2":{"name":"(anonymous_2)","decl":{"start":{"line":41,"column":23},"end":{"line":41,"column":24}},"loc":{"start":{"line":41,"column":29},"end":{"line":45,"column":15}},"line":41}},"branchMap":{"0":{"loc":{"start":{"line":21,"column":28},"end":{"line":21,"column":63}},"type":"cond-expr","locations":[{"start":{"line":21,"column":43},"end":{"line":21,"column":51}},{"start":{"line":21,"column":54},"end":{"line":21,"column":63}}],"line":21},"1":{"loc":{"start":{"line":42,"column":16},"end":{"line":44,"column":44}},"type":"cond-expr","locations":[{"start":{"line":43,"column":20},"end":{"line":43,"column":45}},{"start":{"line":44,"column":20},"end":{"line":44,"column":44}}],"line":42}},"s":{"0":1,"1":4,"2":4,"3":4,"4":4,"5":7,"6":4,"7":4,"8":1},"f":{"0":4,"1":7,"2":1},"b":{"0":[4,0],"1":[1,0]},"_coverageSchema":"1a1c01bbd47fc00a2c39e90264f33305004495a9","hash":"cd6454c0e5eee284e2d953a545a243643e96f2ad"}
,"D:\\namaste-react\\src\\Components\\Maths.js": {"path":"D:\\namaste-react\\src\\Components\\Maths.js","statementMap":{"0":{"start":{"line":1,"column":19},"end":{"line":3,"column":1}},"1":{"start":{"line":2,"column":2},"end":{"line":2,"column":15}},"2":{"start":{"line":5,"column":24},"end":{"line":7,"column":1}},"3":{"start":{"line":6,"column":2},"end":{"line":6,"column":15}},"4":{"start":{"line":9,"column":20},"end":{"line":11,"column":1}},"5":{"start":{"line":10,"column":2},"end":{"line":10,"column":15}},"6":{"start":{"line":13,"column":22},"end":{"line":15,"column":1}},"7":{"start":{"line":14,"column":2},"end":{"line":14,"column":15}}},"fnMap":{"0":{"name":"(anonymous_0)","decl":{"start":{"line":1,"column":19},"end":{"line":1,"column":20}},"loc":{"start":{"line":1,"column":29},"end":{"line":3,"column":1}},"line":1},"1":{"name":"(anonymous_1)","decl":{"start":{"line":5,"column":24},"end":{"line":5,"column":25}},"loc":{"start":{"line":5,"column":34},"end":{"line":7,"column":1}},"line":5},"2":{"name":"(anonymous_2)","decl":{"start":{"line":9,"column":20},"end":{"line":9,"column":21}},"loc":{"start":{"line":9,"column":30},"end":{"line":11,"column":1}},"line":9},"3":{"name":"(anonymous_3)","decl":{"start":{"line":13,"column":22},"end":{"line":13,"column":23}},"loc":{"start":{"line":13,"column":32},"end":{"line":15,"column":1}},"line":13}},"branchMap":{},"s":{"0":1,"1":1,"2":1,"3":1,"4":1,"5":1,"6":1,"7":1},"f":{"0":1,"1":1,"2":1,"3":1},"b":{},"_coverageSchema":"1a1c01bbd47fc00a2c39e90264f33305004495a9","hash":"c2d62a2e33076ee46ca3bd7c6307fccb0df79f10"}
,"D:\\namaste-react\\src\\utils\\UserContext.js": {"path":"D:\\namaste-react\\src\\utils\\UserContext.js","statementMap":{"0":{"start":{"line":3,"column":20},"end":{"line":5,"column":2}}},"fnMap":{},"branchMap":{},"s":{"0":1},"f":{},"b":{},"_coverageSchema":"1a1c01bbd47fc00a2c39e90264f33305004495a9","hash":"f451c567d6c5c787f1bc0f2a72e160e6e8d79221"}
,"D:\\namaste-react\\src\\utils\\appStore.js": {"path":"D:\\namaste-react\\src\\utils\\appStore.js","statementMap":{"0":{"start":{"line":3,"column":17},"end":{"line":7,"column":2}}},"fnMap":{},"branchMap":{},"s":{"0":1},"f":{},"b":{},"_coverageSchema":"1a1c01bbd47fc00a2c39e90264f33305004495a9","hash":"9c6973300c6d69e7e909db3a891487908792d221"}
,"D:\\namaste-react\\src\\utils\\cartSlice.js": {"path":"D:\\namaste-react\\src\\utils\\cartSlice.js","statementMap":{"0":{"start":{"line":3,"column":18},"end":{"line":19,"column":2}},"1":{"start":{"line":10,"column":6},"end":{"line":10,"column":39}},"2":{"start":{"line":13,"column":6},"end":{"line":13,"column":63}},"3":{"start":{"line":13,"column":35},"end":{"line":13,"column":61}},"4":{"start":{"line":16,"column":6},"end":{"line":16,"column":23}},"5":{"start":{"line":21,"column":52},"end":{"line":21,"column":69}}},"fnMap":{"0":{"name":"(anonymous_0)","decl":{"start":{"line":9,"column":15},"end":{"line":9,"column":16}},"loc":{"start":{"line":9,"column":34},"end":{"line":11,"column":5}},"line":9},"1":{"name":"(anonymous_1)","decl":{"start":{"line":12,"column":16},"end":{"line":12,"column":17}},"loc":{"start":{"line":12,"column":35},"end":{"line":14,"column":5}},"line":12},"2":{"name":"(anonymous_2)","decl":{"start":{"line":13,"column":25},"end":{"line":13,"column":26}},"loc":{"start":{"line":13,"column":35},"end":{"line":13,"column":61}},"line":13},"3":{"name":"(anonymous_3)","decl":{"start":{"line":15,"column":15},"end":{"line":15,"column":16}},"loc":{"start":{"line":15,"column":26},"end":{"line":17,"column":5}},"line":15}},"branchMap":{},"s":{"0":1,"1":0,"2":0,"3":0,"4":0,"5":1},"f":{"0":0,"1":0,"2":0,"3":0},"b":{},"_coverageSchema":"1a1c01bbd47fc00a2c39e90264f33305004495a9","hash":"541c3cb9993cbcf070cff9213f3ec5b014bcad0d"}
,"D:\\namaste-react\\src\\utils\\constants.js": {"path":"D:\\namaste-react\\src\\utils\\constants.js","statementMap":{"0":{"start":{"line":2,"column":2},"end":{"line":2,"column":90}},"1":{"start":{"line":4,"column":2},"end":{"line":4,"column":121}},"2":{"start":{"line":6,"column":2},"end":{"line":6,"column":140}},"3":{"start":{"line":7,"column":35},"end":{"line":7,"column":79}},"4":{"start":{"line":8,"column":31},"end":{"line":8,"column":74}},"5":{"start":{"line":10,"column":2},"end":{"line":10,"column":85}}},"fnMap":{},"branchMap":{},"s":{"0":1,"1":1,"2":1,"3":1,"4":1,"5":1},"f":{},"b":{},"_coverageSchema":"1a1c01bbd47fc00a2c39e90264f33305004495a9","hash":"bd45875ca4b8ddd1510e270cdc549fdf487c42f7"}
,"D:\\namaste-react\\src\\utils\\useOnlineStatus.js": {"path":"D:\\namaste-react\\src\\utils\\useOnlineStatus.js","statementMap":{"0":{"start":{"line":3,"column":24},"end":{"line":15,"column":1}},"1":{"start":{"line":4,"column":42},"end":{"line":4,"column":56}},"2":{"start":{"line":5,"column":2},"end":{"line":13,"column":9}},"3":{"start":{"line":6,"column":4},"end":{"line":8,"column":7}},"4":{"start":{"line":7,"column":6},"end":{"line":7,"column":29}},"5":{"start":{"line":10,"column":4},"end":{"line":12,"column":7}},"6":{"start":{"line":11,"column":6},"end":{"line":11,"column":28}},"7":{"start":{"line":14,"column":2},"end":{"line":14,"column":22}}},"fnMap":{"0":{"name":"(anonymous_0)","decl":{"start":{"line":3,"column":24},"end":{"line":3,"column":25}},"loc":{"start":{"line":3,"column":30},"end":{"line":15,"column":1}},"line":3},"1":{"name":"(anonymous_1)","decl":{"start":{"line":5,"column":12},"end":{"line":5,"column":13}},"loc":{"start":{"line":5,"column":18},"end":{"line":13,"column":3}},"line":5},"2":{"name":"(anonymous_2)","decl":{"start":{"line":6,"column":39},"end":{"line":6,"column":40}},"loc":{"start":{"line":6,"column":45},"end":{"line":8,"column":5}},"line":6},"3":{"name":"(anonymous_3)","decl":{"start":{"line":10,"column":38},"end":{"line":10,"column":39}},"loc":{"start":{"line":10,"column":44},"end":{"line":12,"column":5}},"line":10}},"branchMap":{},"s":{"0":1,"1":4,"2":4,"3":3,"4":0,"5":3,"6":0,"7":4},"f":{"0":4,"1":3,"2":0,"3":0},"b":{},"_coverageSchema":"1a1c01bbd47fc00a2c39e90264f33305004495a9","hash":"ddaab686d9f794056cf5577121b51aaf431b75d6"}
}
